env/tb_top.v:11:  XSTop l_soc(
rtl/DataSRAMBank.v:313:  XSTop_XSTile_core_memblock_dcache_bankedDataArray_array0__mbistPipe mbistPipeline ( // @[BankedDataArray.scala 190:18]
rtl/XSTop_XSTile_core_frontend_bpu_tage_scTable0__mbistPipe.v:1:module XSTop_XSTile_core_frontend_bpu_tage_scTable0__mbistPipe(
rtl/XSTop_L3_slice1_directory_selfDir__mbistTagEccPipe.v:1:module XSTop_L3_slice1_directory_selfDir__mbistTagEccPipe(
rtl/XSTop_L3_slice0_dataStorage_bankedData2__mbistPipe.v:1:module XSTop_L3_slice0_dataStorage_bankedData2__mbistPipe(
rtl/ITTageTable_3.v:1440:  XSTop_XSTile_core_frontend_bpu_ittage_tables3__mbistPipe mbistPipeline ( // @[ITTAGE.scala 230:16]
rtl/XSTop_XSTile_L2_slice0_directory__mbistSelfDirPipe.v:1:module XSTop_XSTile_L2_slice0_directory__mbistSelfDirPipe(
rtl/XSTop_XSTile_core_memblock_dcache_tagArray_array2__sub_mbistPipe.v:1:module XSTop_XSTile_core_memblock_dcache_tagArray_array2__sub_mbistPipe(
rtl/XSTop_L3_slice1_dataStorage_bankedData1__mbistPipe.v:1:module XSTop_L3_slice1_dataStorage_bankedData1__mbistPipe(
rtl/DataStorage_5.v:1846:  XSTop_L3_slice1_dataStorage__mbistPipe mbistPipeline ( // @[DataStorage.scala 95:16]
rtl/XSTop_L3_slice3_dataStorage_bankedData0__mbistPipe.v:1:module XSTop_L3_slice3_dataStorage_bankedData0__mbistPipe(
rtl/XSTop_L3_slice2_dataStorage_bankedData4__mbistPipe.v:1:module XSTop_L3_slice2_dataStorage_bankedData4__mbistPipe(
rtl/XSTop_L3_slice0_directory_clientDir__mbistMetaPipe.v:1:module XSTop_L3_slice0_directory_clientDir__mbistMetaPipe(
rtl/XSTop_XSTile_core_ptw__mbistPipe1.v:1:module XSTop_XSTile_core_ptw__mbistPipe1(
rtl/SRAMWrapper_37.v:331:  XSTop_L3_slice0_dataStorage_bankedData5__mbistPipe mbistPipeline ( // @[SRAMWrapper.scala 46:16]
rtl/XSTop_XSTile_core_frontend_bpu_ftb__mbistPipe.v:1:module XSTop_XSTile_core_frontend_bpu_ftb__mbistPipe(
rtl/XSTop_L3_slice1_directory__mbistClientDirPipe.v:1:module XSTop_L3_slice1_directory__mbistClientDirPipe(
rtl/SRAMWrapper_28.v:179:  XSTop_XSTile_L2_slice3_dataStorage_bankedData4__mbistPipe mbistPipeline ( // @[SRAMWrapper.scala 46:16]
rtl/SRAMWrapper_35.v:331:  XSTop_L3_slice0_dataStorage_bankedData3__mbistPipe mbistPipeline ( // @[SRAMWrapper.scala 46:16]
rtl/XSTop_XSTile_L2_slice0_dataStorage_bankedData6__mbistPipe.v:1:module XSTop_XSTile_L2_slice0_dataStorage_bankedData6__mbistPipe(
rtl/XSTop_XSTile_L2_slice1_dataStorage_bankedData1__mbistPipe.v:1:module XSTop_XSTile_L2_slice1_dataStorage_bankedData1__mbistPipe(
rtl/DataStorage_3.v:1491:  XSTop_XSTile_L2_slice3_dataStorage__mbistPipe mbistPipeline ( // @[DataStorage.scala 95:16]
rtl/XSTop_L3_slice3_dataStorage_bankedData3__mbistPipe.v:1:module XSTop_L3_slice3_dataStorage_bankedData3__mbistPipe(
rtl/XSTop_L3_slice1_dataStorage_bankedData3__mbistPipe.v:1:module XSTop_L3_slice1_dataStorage_bankedData3__mbistPipe(
rtl/XSTop_XSTile_L2_slice2_dataStorage_bankedData1__mbistPipe.v:1:module XSTop_XSTile_L2_slice2_dataStorage_bankedData1__mbistPipe(
rtl/SRAMWrapper_54.v:331:  XSTop_L3_slice2_dataStorage_bankedData6__mbistPipe mbistPipeline ( // @[SRAMWrapper.scala 46:16]
rtl/DataStorage_1.v:1491:  XSTop_XSTile_L2_slice1_dataStorage__mbistPipe mbistPipeline ( // @[DataStorage.scala 95:16]
rtl/SRAMWrapper_1.v:179:  XSTop_XSTile_L2_slice0_dataStorage_bankedData1__mbistPipe mbistPipeline ( // @[SRAMWrapper.scala 46:16]
rtl/SRAMWrapper_39.v:331:  XSTop_L3_slice0_dataStorage_bankedData7__mbistPipe mbistPipeline ( // @[SRAMWrapper.scala 46:16]
rtl/TagArray.v:132:  XSTop_XSTile_core_memblock_dcache_tagArray_array0__sub_mbistPipe mbistPipeline ( // @[TagArray.scala 68:16]
rtl/XSTop_XSTile_core_ptw_cache__mbistL3Pipe.v:1:module XSTop_XSTile_core_ptw_cache__mbistL3Pipe(
rtl/SRAMWrapper_47.v:331:  XSTop_L3_slice1_dataStorage_bankedData7__mbistPipe mbistPipeline ( // @[SRAMWrapper.scala 46:16]
rtl/XSTop_L3_slice0_dataStorage_bankedData1__mbistPipe.v:1:module XSTop_L3_slice0_dataStorage_bankedData1__mbistPipe(
rtl/XSTop_XSTile_L2_slice0_directory_selfDir__mbistReplPipe.v:1:module XSTop_XSTile_L2_slice0_directory_selfDir__mbistReplPipe(
rtl/XSTop_L3_slice3_dataStorage_bankedData7__mbistPipe.v:1:module XSTop_L3_slice3_dataStorage_bankedData7__mbistPipe(
rtl/XSTop_XSTile_L2_slice0_dataStorage_bankedData1__mbistPipe.v:1:module XSTop_XSTile_L2_slice0_dataStorage_bankedData1__mbistPipe(
rtl/SubDirectory_7.v:442:  XSTop_L3_slice3_directory_clientDir__mbistMetaPipe mbistMetaPipeline ( // @[BaseDirectory.scala 116:16]
rtl/SubDirectory_7.v:508:  XSTop_L3_slice3_directory_clientDir__mbistTagEccPipe mbistTagEccPipeline ( // @[BaseDirectory.scala 158:16]
rtl/SRAMWrapper_3.v:179:  XSTop_XSTile_L2_slice0_dataStorage_bankedData3__mbistPipe mbistPipeline ( // @[SRAMWrapper.scala 46:16]
rtl/FtqNRSRAM.v:898:  XSTop_XSTile_core_frontend_ftq_ftq_redirect_sram__mbistPipe mbistPipeline ( // @[NewFtq.scala 73:16]
rtl/SRAMWrapper_19.v:179:  XSTop_XSTile_L2_slice2_dataStorage_bankedData3__mbistPipe mbistPipeline ( // @[SRAMWrapper.scala 46:16]
rtl/Composer.v:4631:  XSTop_XSTile_core_frontend_bpu__mbistPipe mbistPipeline ( // @[Composer.scala 31:16]
rtl/XSTop_XSTile_core_memblock_dcache_tagArray_array1__sub_mbistPipe.v:1:module XSTop_XSTile_core_memblock_dcache_tagArray_array1__sub_mbistPipe(
rtl/XSTop_XSTile_L2_slice1_dataStorage_bankedData2__mbistPipe.v:1:module XSTop_XSTile_L2_slice1_dataStorage_bankedData2__mbistPipe(
rtl/XSTop_L3_slice0_dataStorage_bankedData7__mbistPipe.v:1:module XSTop_L3_slice0_dataStorage_bankedData7__mbistPipe(
rtl/XSTop_XSTile_L2_prefetcher__mbistBOPPipe.v:1:module XSTop_XSTile_L2_prefetcher__mbistBOPPipe(
rtl/XSTop_L3_slice1_directory_clientDir__mbistMetaPipe.v:1:module XSTop_L3_slice1_directory_clientDir__mbistMetaPipe(
rtl/XSTop_XSTile_core_frontend_ftq__mbistPipe.v:1:module XSTop_XSTile_core_frontend_ftq__mbistPipe(
rtl/XSTop_XSTile_core_frontend_bpu_ittage_tables4__mbistPipe.v:1:module XSTop_XSTile_core_frontend_bpu_ittage_tables4__mbistPipe(
rtl/SRAMWrapper_55.v:331:  XSTop_L3_slice2_dataStorage_bankedData7__mbistPipe mbistPipeline ( // @[SRAMWrapper.scala 46:16]
rtl/SRAMWrapper_10.v:179:  XSTop_XSTile_L2_slice1_dataStorage_bankedData2__mbistPipe mbistPipeline ( // @[SRAMWrapper.scala 46:16]
rtl/SRAMWrapper_31.v:179:  XSTop_XSTile_L2_slice3_dataStorage_bankedData7__mbistPipe mbistPipeline ( // @[SRAMWrapper.scala 46:16]
rtl/ITTageTable_1.v:851:  XSTop_XSTile_core_frontend_bpu_ittage_tables1__mbistPipe mbistPipeline ( // @[ITTAGE.scala 230:16]
rtl/XSTop_L3_slice3_dataStorage_bankedData1__mbistPipe.v:1:module XSTop_L3_slice3_dataStorage_bankedData1__mbistPipe(
rtl/XSTop_XSTile_L2_slice0_directory_selfDir__mbistMetaPipe.v:1:module XSTop_XSTile_L2_slice0_directory_selfDir__mbistMetaPipe(
rtl/XSTop_L3_slice0_directory__mbistSelfDirPipe.v:1:module XSTop_L3_slice0_directory__mbistSelfDirPipe(
rtl/SCTable_1.v:252:  XSTop_XSTile_core_frontend_bpu_tage_scTable1__mbistPipe mbistPipeline ( // @[SC.scala 80:16]
rtl/SRAMWrapper_14.v:179:  XSTop_XSTile_L2_slice1_dataStorage_bankedData6__mbistPipe mbistPipeline ( // @[SRAMWrapper.scala 46:16]
rtl/XSTop_XSTile_core_frontend_bpu_tage_scTable2__mbistPipe.v:1:module XSTop_XSTile_core_frontend_bpu_tage_scTable2__mbistPipe(
rtl/XSTop_XSTile_L2_slice2_dataStorage__mbistPipe.v:1:module XSTop_XSTile_L2_slice2_dataStorage__mbistPipe(
rtl/Tage_SC.v:3748:  XSTop_XSTile_core_frontend_bpu_tage__mbistPipe mbistPipeline ( // @[Tage.scala 574:16]
rtl/Tage_SC.v:3968:  XSTop_XSTile_core_frontend_bpu_tage__mbistPipe_1 mbistPipeline_1 ( // @[SC.scala 240:18]
rtl/Directory_Anon_1.v:670:  XSTop_XSTile_L2_slice1_directory_selfDir__mbistMetaPipe mbistMetaPipeline ( // @[BaseDirectory.scala 116:16]
rtl/Directory_Anon_1.v:736:  XSTop_XSTile_L2_slice1_directory_selfDir__mbistTagEccPipe mbistTagEccPipeline ( // @[BaseDirectory.scala 158:16]
rtl/Directory_Anon_1.v:787:  XSTop_XSTile_L2_slice1_directory_selfDir__mbistReplPipe mbistReplPipeline ( // @[BaseDirectory.scala 204:16]
rtl/SubDirectory_6.v:442:  XSTop_L3_slice2_directory_clientDir__mbistMetaPipe mbistMetaPipeline ( // @[BaseDirectory.scala 116:16]
rtl/SubDirectory_6.v:508:  XSTop_L3_slice2_directory_clientDir__mbistTagEccPipe mbistTagEccPipeline ( // @[BaseDirectory.scala 158:16]
rtl/XSTop_XSTile_core_memblock_dcache_bankedDataArray_array0__mbistPipe.v:1:module XSTop_XSTile_core_memblock_dcache_bankedDataArray_array0__mbistPipe(
rtl/XSTop_XSTile_L2_slice3_dataStorage_bankedData5__mbistPipe.v:1:module XSTop_XSTile_L2_slice3_dataStorage_bankedData5__mbistPipe(
rtl/XSTop_XSTile_L2_slice0_dataStorage__mbistPipe.v:1:module XSTop_XSTile_L2_slice0_dataStorage__mbistPipe(
rtl/XSTop_XSTile_core_frontend_bpu_tage__mbistPipe.v:1:module XSTop_XSTile_core_frontend_bpu_tage__mbistPipe(
rtl/PtwCache.v:5398:  XSTop_XSTile_core_ptw_cache__mbistL2Pipe mbistL2Pipeline ( // @[PageTableCache.scala 163:16]
rtl/PtwCache.v:6056:  XSTop_XSTile_core_ptw_cache__mbistL3Pipe mbistL3Pipeline ( // @[PageTableCache.scala 195:16]
rtl/SRAMWrapper_18.v:179:  XSTop_XSTile_L2_slice2_dataStorage_bankedData2__mbistPipe mbistPipeline ( // @[SRAMWrapper.scala 46:16]
rtl/XSTop_XSTile_L2_slice0_directory_selfDir__mbistTagEccPipe.v:1:module XSTop_XSTile_L2_slice0_directory_selfDir__mbistTagEccPipe(
rtl/XSTop_L3_slice1_dataStorage__mbistPipe.v:1:module XSTop_L3_slice1_dataStorage__mbistPipe(
rtl/XSTop_XSTile_L2_slice3_directory_selfDir__mbistReplPipe.v:1:module XSTop_XSTile_L2_slice3_directory_selfDir__mbistReplPipe(
rtl/XSTop_L3_slice2_dataStorage_bankedData7__mbistPipe.v:1:module XSTop_L3_slice2_dataStorage_bankedData7__mbistPipe(
rtl/XSTop_XSTile_core_frontend_bpu__mbistPipe.v:1:module XSTop_XSTile_core_frontend_bpu__mbistPipe(
rtl/XSTop_XSTile_L2_slice2_dataStorage_bankedData4__mbistPipe.v:1:module XSTop_XSTile_L2_slice2_dataStorage_bankedData4__mbistPipe(
rtl/XSTop_XSTile_core_frontend_bpu_tage_tagtable3_mbistTablePipe.v:1:module XSTop_XSTile_core_frontend_bpu_tage_tagtable3_mbistTablePipe(
rtl/Directory_3.v:432:  XSTop_XSTile_L2_slice3_directory__mbistClientDirPipe mbistClientDirPipeline ( // @[Directory.scala 199:16]
rtl/Directory_3.v:552:  XSTop_XSTile_L2_slice3_directory__mbistSelfDirPipe mbistSelfDirPipeline ( // @[Directory.scala 241:16]
rtl/Directory_2.v:432:  XSTop_XSTile_L2_slice2_directory__mbistClientDirPipe mbistClientDirPipeline ( // @[Directory.scala 199:16]
rtl/Directory_2.v:552:  XSTop_XSTile_L2_slice2_directory__mbistSelfDirPipe mbistSelfDirPipeline ( // @[Directory.scala 241:16]
rtl/SRAMWrapper_25.v:179:  XSTop_XSTile_L2_slice3_dataStorage_bankedData1__mbistPipe mbistPipeline ( // @[SRAMWrapper.scala 46:16]
rtl/XSTop_XSTile_core_frontend_icache_dataArray__mbistDataArrayPipe.v:1:module XSTop_XSTile_core_frontend_icache_dataArray__mbistDataArrayPipe(
rtl/XSTop_XSTile_L2_slice3_directory_selfDir__mbistTagEccPipe.v:1:module XSTop_XSTile_L2_slice3_directory_selfDir__mbistTagEccPipe(
rtl/XSTop_L3_slice0_dataStorage_bankedData5__mbistPipe.v:1:module XSTop_L3_slice0_dataStorage_bankedData5__mbistPipe(
rtl/XSTop_XSTile_L2_slice3_dataStorage_bankedData4__mbistPipe.v:1:module XSTop_XSTile_L2_slice3_dataStorage_bankedData4__mbistPipe(
rtl/ICachePartWayArray.v:189:  XSTop_XSTile_core_frontend_icache_dataArray_dataArray0__mbistPipe0 mbistPipeline ( // @[ICache.scala 774:18]
rtl/ICachePartWayArray.v:244:  XSTop_XSTile_core_frontend_icache_dataArray_dataArray0__mbistPipe1 mbistPipeline_1 ( // @[ICache.scala 774:18]
rtl/XSTop_XSTile_L2_slice0_dataStorage_bankedData0__mbistPipe.v:1:module XSTop_XSTile_L2_slice0_dataStorage_bankedData0__mbistPipe(
rtl/SRAMWrapper_59.v:331:  XSTop_L3_slice3_dataStorage_bankedData3__mbistPipe mbistPipeline ( // @[SRAMWrapper.scala 46:16]
rtl/XSTop_XSTile_L2_slice1_dataStorage_bankedData7__mbistPipe.v:1:module XSTop_XSTile_L2_slice1_dataStorage_bankedData7__mbistPipe(
rtl/XSTop_XSTile_L2_slice3_dataStorage_bankedData6__mbistPipe.v:1:module XSTop_XSTile_L2_slice3_dataStorage_bankedData6__mbistPipe(
rtl/XSTop_L3_slice2_dataStorage_bankedData2__mbistPipe.v:1:module XSTop_L3_slice2_dataStorage_bankedData2__mbistPipe(
rtl/XSTop_L3_slice1_dataStorage_bankedData4__mbistPipe.v:1:module XSTop_L3_slice1_dataStorage_bankedData4__mbistPipe(
rtl/SRAMWrapper_42.v:331:  XSTop_L3_slice1_dataStorage_bankedData2__mbistPipe mbistPipeline ( // @[SRAMWrapper.scala 46:16]
rtl/XSTop_L3_slice0_dataStorage_bankedData4__mbistPipe.v:1:module XSTop_L3_slice0_dataStorage_bankedData4__mbistPipe(
rtl/SRAMWrapper_61.v:331:  XSTop_L3_slice3_dataStorage_bankedData5__mbistPipe mbistPipeline ( // @[SRAMWrapper.scala 46:16]
rtl/XSTop_XSTile_L2_slice0_dataStorage_bankedData5__mbistPipe.v:1:module XSTop_XSTile_L2_slice0_dataStorage_bankedData5__mbistPipe(
rtl/XSTop_L3_slice2_dataStorage_bankedData0__mbistPipe.v:1:module XSTop_L3_slice2_dataStorage_bankedData0__mbistPipe(
rtl/XSTop_XSTile_L2_slice1_dataStorage_bankedData6__mbistPipe.v:1:module XSTop_XSTile_L2_slice1_dataStorage_bankedData6__mbistPipe(
rtl/XSTop_L3_slice3_directory_selfDir__mbistMetaPipe.v:1:module XSTop_L3_slice3_directory_selfDir__mbistMetaPipe(
rtl/SRAMWrapper_6.v:179:  XSTop_XSTile_L2_slice0_dataStorage_bankedData6__mbistPipe mbistPipeline ( // @[SRAMWrapper.scala 46:16]
rtl/XSTop_XSTile_core_memblock_dcache_bankedDataArray_array2__mbistPipe.v:1:module XSTop_XSTile_core_memblock_dcache_bankedDataArray_array2__mbistPipe(
rtl/Frontend.v:9694:  XSTop_XSTile_core_frontend__mbistPipe mbistPipeline ( // @[Frontend.scala 72:16]
rtl/XSTop_XSTile_core_memblock_dcache_tagArray__mbistPipe.v:1:module XSTop_XSTile_core_memblock_dcache_tagArray__mbistPipe(
rtl/DCache.v:9557:  XSTop_XSTile_core_memblock_dcache__mbistPipe mbistPipeline ( // @[DCacheWrapper.scala 495:16]
rtl/XSTop_XSTile_core_frontend__mbistPipe.v:1:module XSTop_XSTile_core_frontend__mbistPipe(
rtl/XSTop_XSTile_core_frontend_bpu_ittage_tables3__mbistPipe.v:1:module XSTop_XSTile_core_frontend_bpu_ittage_tables3__mbistPipe(
rtl/SRAMWrapper_38.v:331:  XSTop_L3_slice0_dataStorage_bankedData6__mbistPipe mbistPipeline ( // @[SRAMWrapper.scala 46:16]
rtl/XSTop_L3_slice2_dataStorage_bankedData1__mbistPipe.v:1:module XSTop_L3_slice2_dataStorage_bankedData1__mbistPipe(
rtl/XSTop_XSTile_core_memblock_dcache_bankedDataArray_array1__mbistPipe.v:1:module XSTop_XSTile_core_memblock_dcache_bankedDataArray_array1__mbistPipe(
rtl/PatternHistoryTable.v:1595:  XSTop_XSTile_core_memblock_sms_pht__mbistPipe mbistPipeline ( // @[SMSPrefetcher.scala 512:16]
rtl/SRAMWrapper_53.v:331:  XSTop_L3_slice2_dataStorage_bankedData5__mbistPipe mbistPipeline ( // @[SRAMWrapper.scala 46:16]
rtl/XSTop_L3_slice0_directory_selfDir__mbistTagEccPipe.v:1:module XSTop_L3_slice0_directory_selfDir__mbistTagEccPipe(
rtl/XSTop_XSTile_core_frontend_icache_metaArray__mbistTagPipe.v:1:module XSTop_XSTile_core_frontend_icache_metaArray__mbistTagPipe(
rtl/SRAMWrapper_41.v:331:  XSTop_L3_slice1_dataStorage_bankedData1__mbistPipe mbistPipeline ( // @[SRAMWrapper.scala 46:16]
rtl/DataSRAMBank_2.v:313:  XSTop_XSTile_core_memblock_dcache_bankedDataArray_array2__mbistPipe mbistPipeline ( // @[BankedDataArray.scala 190:18]
rtl/ITTageTable_4.v:1440:  XSTop_XSTile_core_frontend_bpu_ittage_tables4__mbistPipe mbistPipeline ( // @[ITTAGE.scala 230:16]
rtl/DataSRAMBank_1.v:313:  XSTop_XSTile_core_memblock_dcache_bankedDataArray_array1__mbistPipe mbistPipeline ( // @[BankedDataArray.scala 190:18]
rtl/TageTable_3.v:1718:  XSTop_XSTile_core_frontend_bpu_tage_tagtable3_mbistTablePipe mbistTablePipeline ( // @[Tage.scala 329:16]
rtl/DataSRAMBank_5.v:313:  XSTop_XSTile_core_memblock_dcache_bankedDataArray_array5__mbistPipe mbistPipeline ( // @[BankedDataArray.scala 190:18]
rtl/XSTop_L3_slice1_dataStorage_bankedData2__mbistPipe.v:1:module XSTop_L3_slice1_dataStorage_bankedData2__mbistPipe(
rtl/XSTop_XSTile_core_frontend_icache_dataArray_dataArray1__mbistPipe0.v:1:module XSTop_XSTile_core_frontend_icache_dataArray_dataArray1__mbistPipe0(
rtl/XSTop_XSTile_L2_slice2_directory__mbistClientDirPipe.v:1:module XSTop_XSTile_L2_slice2_directory__mbistClientDirPipe(
rtl/SRAMWrapper_26.v:179:  XSTop_XSTile_L2_slice3_dataStorage_bankedData2__mbistPipe mbistPipeline ( // @[SRAMWrapper.scala 46:16]
rtl/Directory_4.v:395:  XSTop_L3_slice0_directory__mbistClientDirPipe mbistClientDirPipeline ( // @[Directory.scala 199:16]
rtl/Directory_4.v:513:  XSTop_L3_slice0_directory__mbistSelfDirPipe mbistSelfDirPipeline ( // @[Directory.scala 241:16]
rtl/XSTop_L3_slice3_directory_clientDir__mbistTagEccPipe.v:1:module XSTop_L3_slice3_directory_clientDir__mbistTagEccPipe(
rtl/Directory_Anon_6.v:538:  XSTop_L3_slice2_directory_selfDir__mbistMetaPipe mbistMetaPipeline ( // @[BaseDirectory.scala 116:16]
rtl/Directory_Anon_6.v:600:  XSTop_L3_slice2_directory_selfDir__mbistTagEccPipe mbistTagEccPipeline ( // @[BaseDirectory.scala 158:16]
rtl/Directory_Anon_6.v:651:  XSTop_L3_slice2_directory_selfDir__mbistReplPipe mbistReplPipeline ( // @[BaseDirectory.scala 204:16]
rtl/DuplicatedTagArray.v:345:  XSTop_XSTile_core_memblock_dcache_tagArray__mbistPipe mbistPipeline ( // @[TagArray.scala 126:16]
rtl/XSTop_XSTile_core_frontend_icache_dataArray_dataArray0__mbistPipe0.v:1:module XSTop_XSTile_core_frontend_icache_dataArray_dataArray0__mbistPipe0(
rtl/XSTop_L3_slice0_directory_selfDir__mbistReplPipe.v:1:module XSTop_L3_slice0_directory_selfDir__mbistReplPipe(
rtl/XSTop_XSTile_core_frontend_bpu_tage_scTable1__mbistPipe.v:1:module XSTop_XSTile_core_frontend_bpu_tage_scTable1__mbistPipe(
rtl/XSTop_XSTile_L2_slice1_directory_selfDir__mbistMetaPipe.v:1:module XSTop_XSTile_L2_slice1_directory_selfDir__mbistMetaPipe(
rtl/XSTop_XSTile_core_memblock_dcache_bankedDataArray_array5__mbistPipe.v:1:module XSTop_XSTile_core_memblock_dcache_bankedDataArray_array5__mbistPipe(
rtl/TagArray_1.v:132:  XSTop_XSTile_core_memblock_dcache_tagArray_array1__sub_mbistPipe mbistPipeline ( // @[TagArray.scala 68:16]
rtl/XSTop_XSTile_L2_slice2_dataStorage_bankedData7__mbistPipe.v:1:module XSTop_XSTile_L2_slice2_dataStorage_bankedData7__mbistPipe(
rtl/XSTop_XSTile_L2_slice2_directory_selfDir__mbistTagEccPipe.v:1:module XSTop_XSTile_L2_slice2_directory_selfDir__mbistTagEccPipe(
rtl/XSTop_XSTile_L2_slice3_dataStorage_bankedData7__mbistPipe.v:1:module XSTop_XSTile_L2_slice3_dataStorage_bankedData7__mbistPipe(
rtl/SRAMWrapper_33.v:331:  XSTop_L3_slice0_dataStorage_bankedData1__mbistPipe mbistPipeline ( // @[SRAMWrapper.scala 46:16]
rtl/Directory_Anon_3.v:670:  XSTop_XSTile_L2_slice3_directory_selfDir__mbistMetaPipe mbistMetaPipeline ( // @[BaseDirectory.scala 116:16]
rtl/Directory_Anon_3.v:736:  XSTop_XSTile_L2_slice3_directory_selfDir__mbistTagEccPipe mbistTagEccPipeline ( // @[BaseDirectory.scala 158:16]
rtl/Directory_Anon_3.v:787:  XSTop_XSTile_L2_slice3_directory_selfDir__mbistReplPipe mbistReplPipeline ( // @[BaseDirectory.scala 204:16]
rtl/XSTop_XSTile_L2_slice3_dataStorage_bankedData1__mbistPipe.v:1:module XSTop_XSTile_L2_slice3_dataStorage_bankedData1__mbistPipe(
rtl/SubDirectory.v:466:  XSTop_XSTile_L2_slice0_directory_clientDir__mbistMetaPipe mbistMetaPipeline ( // @[BaseDirectory.scala 116:16]
rtl/SubDirectory.v:528:  XSTop_XSTile_L2_slice0_directory_clientDir__mbistTagEccPipe mbistTagEccPipeline ( // @[BaseDirectory.scala 158:16]
rtl/XSTop_L3_slice0_dataStorage_bankedData6__mbistPipe.v:1:module XSTop_L3_slice0_dataStorage_bankedData6__mbistPipe(
rtl/XSTop_XSTile_L2_slice1_directory_clientDir__mbistTagEccPipe.v:1:module XSTop_XSTile_L2_slice1_directory_clientDir__mbistTagEccPipe(
rtl/SRAMWrapper_51.v:331:  XSTop_L3_slice2_dataStorage_bankedData3__mbistPipe mbistPipeline ( // @[SRAMWrapper.scala 46:16]
rtl/XSTop_XSTile_L2_slice3_directory_selfDir__mbistMetaPipe.v:1:module XSTop_XSTile_L2_slice3_directory_selfDir__mbistMetaPipe(
rtl/SRAMWrapper_44.v:331:  XSTop_L3_slice1_dataStorage_bankedData4__mbistPipe mbistPipeline ( // @[SRAMWrapper.scala 46:16]
rtl/XSTop_XSTile_L2_slice0_dataStorage_bankedData7__mbistPipe.v:1:module XSTop_XSTile_L2_slice0_dataStorage_bankedData7__mbistPipe(
rtl/BankBinder.v:14://+XSTop*/
rtl/BankBinder.v:15://+XSTop*
rtl/XSTop_XSTile_core_memblock_dcache_bankedDataArray_array4__mbistPipe.v:1:module XSTop_XSTile_core_memblock_dcache_bankedDataArray_array4__mbistPipe(
rtl/XSTop_XSTile_core_memblock_dcache_bankedDataArray_array3__mbistPipe.v:1:module XSTop_XSTile_core_memblock_dcache_bankedDataArray_array3__mbistPipe(
rtl/SRAMWrapper_30.v:179:  XSTop_XSTile_L2_slice3_dataStorage_bankedData6__mbistPipe mbistPipeline ( // @[SRAMWrapper.scala 46:16]
rtl/ICacheDataArray.v:476:  XSTop_XSTile_core_frontend_icache_dataArray__mbistDataArrayPipe mbistDataArrayPipeline ( // @[ICache.scala 362:16]
rtl/XSTop_XSTile_L2_slice3_directory_clientDir__mbistTagEccPipe.v:1:module XSTop_XSTile_L2_slice3_directory_clientDir__mbistTagEccPipe(
rtl/BestOffsetPrefetch.v:172:  XSTop_XSTile_L2_prefetcher__mbistBOPPipe mbistBOPPipeline ( // @[BestOffsetPrefetch.scala 249:16]
rtl/SRAMWrapper_45.v:331:  XSTop_L3_slice1_dataStorage_bankedData5__mbistPipe mbistPipeline ( // @[SRAMWrapper.scala 46:16]
rtl/XSTop_L3_slice3_dataStorage__mbistPipe.v:1:module XSTop_L3_slice3_dataStorage__mbistPipe(
rtl/XSTop_L3_slice2_directory_clientDir__mbistMetaPipe.v:1:module XSTop_L3_slice2_directory_clientDir__mbistMetaPipe(
rtl/SRAMWrapper_13.v:179:  XSTop_XSTile_L2_slice1_dataStorage_bankedData5__mbistPipe mbistPipeline ( // @[SRAMWrapper.scala 46:16]
rtl/Ftq.v:62195:  XSTop_XSTile_core_frontend_ftq__mbistPipe mbistPipeline ( // @[NewFtq.scala 544:16]
rtl/SRAMWrapper_2.v:179:  XSTop_XSTile_L2_slice0_dataStorage_bankedData2__mbistPipe mbistPipeline ( // @[SRAMWrapper.scala 46:16]
rtl/XSTop_XSTile_L2_slice2_directory_selfDir__mbistReplPipe.v:1:module XSTop_XSTile_L2_slice2_directory_selfDir__mbistReplPipe(
rtl/XSTop_XSTile_L2_slice0_dataStorage_bankedData2__mbistPipe.v:1:module XSTop_XSTile_L2_slice0_dataStorage_bankedData2__mbistPipe(
rtl/SRAMWrapper_23.v:179:  XSTop_XSTile_L2_slice2_dataStorage_bankedData7__mbistPipe mbistPipeline ( // @[SRAMWrapper.scala 46:16]
rtl/SubDirectory_3.v:466:  XSTop_XSTile_L2_slice3_directory_clientDir__mbistMetaPipe mbistMetaPipeline ( // @[BaseDirectory.scala 116:16]
rtl/SubDirectory_3.v:528:  XSTop_XSTile_L2_slice3_directory_clientDir__mbistTagEccPipe mbistTagEccPipeline ( // @[BaseDirectory.scala 158:16]
rtl/XSTop_XSTile_L2_slice1_dataStorage_bankedData0__mbistPipe.v:1:module XSTop_XSTile_L2_slice1_dataStorage_bankedData0__mbistPipe(
rtl/XSTop_L3_slice0_dataStorage_bankedData0__mbistPipe.v:1:module XSTop_L3_slice0_dataStorage_bankedData0__mbistPipe(
rtl/XSTop_XSTile_core_frontend_ftq_ftq_meta_1r_sram__mbistPipe.v:1:module XSTop_XSTile_core_frontend_ftq_ftq_meta_1r_sram__mbistPipe(
rtl/Directory_5.v:395:  XSTop_L3_slice1_directory__mbistClientDirPipe mbistClientDirPipeline ( // @[Directory.scala 199:16]
rtl/Directory_5.v:513:  XSTop_L3_slice1_directory__mbistSelfDirPipe mbistSelfDirPipeline ( // @[Directory.scala 241:16]
rtl/XSTop_L3_slice2_directory_selfDir__mbistReplPipe.v:1:module XSTop_L3_slice2_directory_selfDir__mbistReplPipe(
rtl/SRAMWrapper_43.v:331:  XSTop_L3_slice1_dataStorage_bankedData3__mbistPipe mbistPipeline ( // @[SRAMWrapper.scala 46:16]
rtl/TageTable_1.v:1718:  XSTop_XSTile_core_frontend_bpu_tage_tagtable1_mbistTablePipe mbistTablePipeline ( // @[Tage.scala 329:16]
rtl/SRAMWrapper_11.v:179:  XSTop_XSTile_L2_slice1_dataStorage_bankedData3__mbistPipe mbistPipeline ( // @[SRAMWrapper.scala 46:16]
rtl/SRAMWrapper_12.v:179:  XSTop_XSTile_L2_slice1_dataStorage_bankedData4__mbistPipe mbistPipeline ( // @[SRAMWrapper.scala 46:16]
rtl/XSTop_L3_slice3_directory_selfDir__mbistReplPipe.v:1:module XSTop_L3_slice3_directory_selfDir__mbistReplPipe(
rtl/SCTable_3.v:252:  XSTop_XSTile_core_frontend_bpu_tage_scTable3__mbistPipe mbistPipeline ( // @[SC.scala 80:16]
rtl/XSTop_XSTile_core_frontend_bpu_tage_tagtable2_mbistTablePipe.v:1:module XSTop_XSTile_core_frontend_bpu_tage_tagtable2_mbistTablePipe(
rtl/XSTop_XSTile_core_frontend_bpu_ittage_tables2__mbistPipe.v:1:module XSTop_XSTile_core_frontend_bpu_ittage_tables2__mbistPipe(
rtl/XSTop_XSTile_L2_slice0_directory_clientDir__mbistMetaPipe.v:1:module XSTop_XSTile_L2_slice0_directory_clientDir__mbistMetaPipe(
rtl/XSTop_L3_slice2_directory__mbistClientDirPipe.v:1:module XSTop_L3_slice2_directory__mbistClientDirPipe(
rtl/XSTop_XSTile_core_frontend_bpu_tage__mbistPipe_1.v:1:module XSTop_XSTile_core_frontend_bpu_tage__mbistPipe_1(
rtl/DataStorage_4.v:1846:  XSTop_L3_slice0_dataStorage__mbistPipe mbistPipeline ( // @[DataStorage.scala 95:16]
rtl/SRAMWrapper_20.v:179:  XSTop_XSTile_L2_slice2_dataStorage_bankedData4__mbistPipe mbistPipeline ( // @[SRAMWrapper.scala 46:16]
rtl/XSTop_L3_slice1_dataStorage_bankedData6__mbistPipe.v:1:module XSTop_L3_slice1_dataStorage_bankedData6__mbistPipe(
rtl/SRAMWrapper_15.v:179:  XSTop_XSTile_L2_slice1_dataStorage_bankedData7__mbistPipe mbistPipeline ( // @[SRAMWrapper.scala 46:16]
rtl/XSTop_XSTile_core_frontend_bpu_tage_scTable3__mbistPipe.v:1:module XSTop_XSTile_core_frontend_bpu_tage_scTable3__mbistPipe(
rtl/SRAMWrapper_17.v:179:  XSTop_XSTile_L2_slice2_dataStorage_bankedData1__mbistPipe mbistPipeline ( // @[SRAMWrapper.scala 46:16]
rtl/XSTop_L3_slice1_directory_selfDir__mbistReplPipe.v:1:module XSTop_L3_slice1_directory_selfDir__mbistReplPipe(
rtl/XSTop_XSTile_core_frontend_ftq_ftq_redirect_sram__mbistPipe.v:1:module XSTop_XSTile_core_frontend_ftq_ftq_redirect_sram__mbistPipe(
rtl/XSTop_XSTile_L2_slice1_directory_clientDir__mbistMetaPipe.v:1:module XSTop_XSTile_L2_slice1_directory_clientDir__mbistMetaPipe(
rtl/XSTop_XSTile_L2_slice3_dataStorage_bankedData0__mbistPipe.v:1:module XSTop_XSTile_L2_slice3_dataStorage_bankedData0__mbistPipe(
rtl/SRAMWrapper_5.v:179:  XSTop_XSTile_L2_slice0_dataStorage_bankedData5__mbistPipe mbistPipeline ( // @[SRAMWrapper.scala 46:16]
rtl/XSTop_L3_slice1_dataStorage_bankedData7__mbistPipe.v:1:module XSTop_L3_slice1_dataStorage_bankedData7__mbistPipe(
rtl/TageBTable.v:172:  XSTop_XSTile_core_frontend_bpu_tage_bttable__mbistPipe mbistPipeline ( // @[Tage.scala 161:16]
rtl/XSTop_XSTile_L2_slice2_directory_clientDir__mbistTagEccPipe.v:1:module XSTop_XSTile_L2_slice2_directory_clientDir__mbistTagEccPipe(
rtl/XSTop_XSTile_L2_slice3_directory__mbistSelfDirPipe.v:1:module XSTop_XSTile_L2_slice3_directory__mbistSelfDirPipe(
rtl/TageTable_2.v:1718:  XSTop_XSTile_core_frontend_bpu_tage_tagtable2_mbistTablePipe mbistTablePipeline ( // @[Tage.scala 329:16]
rtl/XSTop_L3_slice0_dataStorage__mbistPipe.v:1:module XSTop_L3_slice0_dataStorage__mbistPipe(
rtl/XSTop_XSTile_L2_slice1_dataStorage_bankedData5__mbistPipe.v:1:module XSTop_XSTile_L2_slice1_dataStorage_bankedData5__mbistPipe(
rtl/XSTop_L3_slice0_directory_selfDir__mbistMetaPipe.v:1:module XSTop_L3_slice0_directory_selfDir__mbistMetaPipe(
rtl/SRAMWrapper_58.v:331:  XSTop_L3_slice3_dataStorage_bankedData2__mbistPipe mbistPipeline ( // @[SRAMWrapper.scala 46:16]
rtl/SRAMWrapper_56.v:331:  XSTop_L3_slice3_dataStorage_bankedData0__mbistPipe mbistPipeline ( // @[SRAMWrapper.scala 46:16]
rtl/XSTop_XSTile_core_frontend_bpu_tage_tagtable1_mbistTablePipe.v:1:module XSTop_XSTile_core_frontend_bpu_tage_tagtable1_mbistTablePipe(
rtl/SRAMWrapper_63.v:331:  XSTop_L3_slice3_dataStorage_bankedData7__mbistPipe mbistPipeline ( // @[SRAMWrapper.scala 46:16]
rtl/DataStorage.v:1491:  XSTop_XSTile_L2_slice0_dataStorage__mbistPipe mbistPipeline ( // @[DataStorage.scala 95:16]
rtl/SRAMWrapper_27.v:179:  XSTop_XSTile_L2_slice3_dataStorage_bankedData3__mbistPipe mbistPipeline ( // @[SRAMWrapper.scala 46:16]
rtl/XSTop_XSTile_core_frontend_bpu_ittage_tables0__mbistPipe.v:1:module XSTop_XSTile_core_frontend_bpu_ittage_tables0__mbistPipe(
rtl/XSTop_XSTile_core_frontend_bpu_ittage_tables1__mbistPipe.v:1:module XSTop_XSTile_core_frontend_bpu_ittage_tables1__mbistPipe(
rtl/SRAMWrapper_40.v:331:  XSTop_L3_slice1_dataStorage_bankedData0__mbistPipe mbistPipeline ( // @[SRAMWrapper.scala 46:16]
rtl/XSTop_L3_slice2_dataStorage__mbistPipe.v:1:module XSTop_L3_slice2_dataStorage__mbistPipe(
rtl/SRAMWrapper_21.v:179:  XSTop_XSTile_L2_slice2_dataStorage_bankedData5__mbistPipe mbistPipeline ( // @[SRAMWrapper.scala 46:16]
rtl/SRAMWrapper.v:179:  XSTop_XSTile_L2_slice0_dataStorage_bankedData0__mbistPipe mbistPipeline ( // @[SRAMWrapper.scala 46:16]
rtl/DataSRAMBank_6.v:313:  XSTop_XSTile_core_memblock_dcache_bankedDataArray_array6__mbistPipe mbistPipeline ( // @[BankedDataArray.scala 190:18]
rtl/ICacheMetaArray.v:313:  XSTop_XSTile_core_frontend_icache_metaArray__mbistTagPipe mbistTagPipeline ( // @[ICache.scala 190:16]
rtl/XSTop_L3_slice1_directory_clientDir__mbistTagEccPipe.v:1:module XSTop_L3_slice1_directory_clientDir__mbistTagEccPipe(
rtl/XSTop_XSTile_core_ptw_cache__mbistL2Pipe.v:1:module XSTop_XSTile_core_ptw_cache__mbistL2Pipe(
rtl/XSTop_L3_slice0_directory_clientDir__mbistTagEccPipe.v:1:module XSTop_L3_slice0_directory_clientDir__mbistTagEccPipe(
rtl/Directory_1.v:432:  XSTop_XSTile_L2_slice1_directory__mbistClientDirPipe mbistClientDirPipeline ( // @[Directory.scala 199:16]
rtl/Directory_1.v:552:  XSTop_XSTile_L2_slice1_directory__mbistSelfDirPipe mbistSelfDirPipeline ( // @[Directory.scala 241:16]
rtl/XSTop_L3_slice0_directory__mbistClientDirPipe.v:1:module XSTop_L3_slice0_directory__mbistClientDirPipe(
rtl/DataSRAMBank_3.v:313:  XSTop_XSTile_core_memblock_dcache_bankedDataArray_array3__mbistPipe mbistPipeline ( // @[BankedDataArray.scala 190:18]
rtl/XSTop_XSTile_core_frontend_icache__mbistPipe.v:1:module XSTop_XSTile_core_frontend_icache__mbistPipe(
rtl/DataSRAMBank_4.v:313:  XSTop_XSTile_core_memblock_dcache_bankedDataArray_array4__mbistPipe mbistPipeline ( // @[BankedDataArray.scala 190:18]
rtl/Directory_Anon_5.v:538:  XSTop_L3_slice1_directory_selfDir__mbistMetaPipe mbistMetaPipeline ( // @[BaseDirectory.scala 116:16]
rtl/Directory_Anon_5.v:600:  XSTop_L3_slice1_directory_selfDir__mbistTagEccPipe mbistTagEccPipeline ( // @[BaseDirectory.scala 158:16]
rtl/Directory_Anon_5.v:651:  XSTop_L3_slice1_directory_selfDir__mbistReplPipe mbistReplPipeline ( // @[BaseDirectory.scala 204:16]
rtl/XSTop_XSTile_core_memblock_dcache_bankedDataArray__mbistPipe.v:1:module XSTop_XSTile_core_memblock_dcache_bankedDataArray__mbistPipe(
rtl/SRAMWrapper_62.v:331:  XSTop_L3_slice3_dataStorage_bankedData6__mbistPipe mbistPipeline ( // @[SRAMWrapper.scala 46:16]
rtl/Directory_6.v:395:  XSTop_L3_slice2_directory__mbistClientDirPipe mbistClientDirPipeline ( // @[Directory.scala 199:16]
rtl/Directory_6.v:513:  XSTop_L3_slice2_directory__mbistSelfDirPipe mbistSelfDirPipeline ( // @[Directory.scala 241:16]
rtl/ITTage.v:1311:  XSTop_XSTile_core_frontend_bpu_ittage__mbistPipe mbistPipeline ( // @[ITTAGE.scala 376:16]
rtl/FTBBank.v:4870:  XSTop_XSTile_core_frontend_bpu_ftb__mbistPipe mbistPipeline ( // @[FTB.scala 312:18]
rtl/SRAMWrapper_24.v:179:  XSTop_XSTile_L2_slice3_dataStorage_bankedData0__mbistPipe mbistPipeline ( // @[SRAMWrapper.scala 46:16]
rtl/XSTop_XSTile_core_memblock__mbistPipe.v:1:module XSTop_XSTile_core_memblock__mbistPipe(
rtl/XSTop_L3_slice3_dataStorage_bankedData6__mbistPipe.v:1:module XSTop_L3_slice3_dataStorage_bankedData6__mbistPipe(
rtl/XSTop_XSTile_L2_slice2_dataStorage_bankedData2__mbistPipe.v:1:module XSTop_XSTile_L2_slice2_dataStorage_bankedData2__mbistPipe(
rtl/SRAMWrapper_22.v:179:  XSTop_XSTile_L2_slice2_dataStorage_bankedData6__mbistPipe mbistPipeline ( // @[SRAMWrapper.scala 46:16]
rtl/XSTop_XSTile_L2_slice1_dataStorage_bankedData4__mbistPipe.v:1:module XSTop_XSTile_L2_slice1_dataStorage_bankedData4__mbistPipe(
rtl/XSTop_XSTile_L2_slice1_directory_selfDir__mbistReplPipe.v:1:module XSTop_XSTile_L2_slice1_directory_selfDir__mbistReplPipe(
rtl/SCTable.v:246:  XSTop_XSTile_core_frontend_bpu_tage_scTable0__mbistPipe mbistPipeline ( // @[SC.scala 80:16]
rtl/SRAMWrapper_57.v:331:  XSTop_L3_slice3_dataStorage_bankedData1__mbistPipe mbistPipeline ( // @[SRAMWrapper.scala 46:16]
rtl/XSTop_XSTile_L2_slice3_directory__mbistClientDirPipe.v:1:module XSTop_XSTile_L2_slice3_directory__mbistClientDirPipe(
rtl/SubDirectory_5.v:442:  XSTop_L3_slice1_directory_clientDir__mbistMetaPipe mbistMetaPipeline ( // @[BaseDirectory.scala 116:16]
rtl/SubDirectory_5.v:508:  XSTop_L3_slice1_directory_clientDir__mbistTagEccPipe mbistTagEccPipeline ( // @[BaseDirectory.scala 158:16]
rtl/XSTop_XSTile_L2_slice2_directory_clientDir__mbistMetaPipe.v:1:module XSTop_XSTile_L2_slice2_directory_clientDir__mbistMetaPipe(
rtl/ICachePartWayArray_1.v:189:  XSTop_XSTile_core_frontend_icache_dataArray_dataArray1__mbistPipe0 mbistPipeline ( // @[ICache.scala 774:18]
rtl/ICachePartWayArray_1.v:244:  XSTop_XSTile_core_frontend_icache_dataArray_dataArray1__mbistPipe1 mbistPipeline_1 ( // @[ICache.scala 774:18]
rtl/RecentRequestTable.v:119:  XSTop_XSTile_L2_prefetcher_rrTable__mbistBOPPipe mbistBOPPipeline ( // @[BestOffsetPrefetch.scala 127:16]
rtl/XSTop_XSTile_L2_slice3_directory_clientDir__mbistMetaPipe.v:1:module XSTop_XSTile_L2_slice3_directory_clientDir__mbistMetaPipe(
rtl/XSTop_XSTile_core_memblock_dcache_bankedDataArray_array6__mbistPipe.v:1:module XSTop_XSTile_core_memblock_dcache_bankedDataArray_array6__mbistPipe(
rtl/XSTop_XSTile_core_frontend_icache_dataArray_dataArray1__mbistPipe1.v:1:module XSTop_XSTile_core_frontend_icache_dataArray_dataArray1__mbistPipe1(
rtl/TageTable.v:1712:  XSTop_XSTile_core_frontend_bpu_tage_tagtable0_mbistTablePipe mbistTablePipeline ( // @[Tage.scala 329:16]
rtl/XSTop_XSTile_L2_slice3_dataStorage_bankedData2__mbistPipe.v:1:module XSTop_XSTile_L2_slice3_dataStorage_bankedData2__mbistPipe(
rtl/Directory_Anon.v:670:  XSTop_XSTile_L2_slice0_directory_selfDir__mbistMetaPipe mbistMetaPipeline ( // @[BaseDirectory.scala 116:16]
rtl/Directory_Anon.v:736:  XSTop_XSTile_L2_slice0_directory_selfDir__mbistTagEccPipe mbistTagEccPipeline ( // @[BaseDirectory.scala 158:16]
rtl/Directory_Anon.v:787:  XSTop_XSTile_L2_slice0_directory_selfDir__mbistReplPipe mbistReplPipeline ( // @[BaseDirectory.scala 204:16]
rtl/XSTop_XSTile_L2_slice0_directory_clientDir__mbistTagEccPipe.v:1:module XSTop_XSTile_L2_slice0_directory_clientDir__mbistTagEccPipe(
rtl/XSTop_XSTile_core_memblock_dcache_bankedDataArray_array7__mbistPipe.v:1:module XSTop_XSTile_core_memblock_dcache_bankedDataArray_array7__mbistPipe(
rtl/XSTop_L3_slice2_directory_selfDir__mbistTagEccPipe.v:1:module XSTop_L3_slice2_directory_selfDir__mbistTagEccPipe(
rtl/SRAMWrapper_46.v:331:  XSTop_L3_slice1_dataStorage_bankedData6__mbistPipe mbistPipeline ( // @[SRAMWrapper.scala 46:16]
rtl/XSTop_L3_slice1_directory_selfDir__mbistMetaPipe.v:1:module XSTop_L3_slice1_directory_selfDir__mbistMetaPipe(
rtl/XSTop_XSTile_L2_slice0_directory__mbistClientDirPipe.v:1:module XSTop_XSTile_L2_slice0_directory__mbistClientDirPipe(
rtl/XSTop_XSTile_L2_slice0_dataStorage_bankedData3__mbistPipe.v:1:module XSTop_XSTile_L2_slice0_dataStorage_bankedData3__mbistPipe(
rtl/XSTop_XSTile_L2_slice0_dataStorage_bankedData4__mbistPipe.v:1:module XSTop_XSTile_L2_slice0_dataStorage_bankedData4__mbistPipe(
rtl/SRAMWrapper_7.v:179:  XSTop_XSTile_L2_slice0_dataStorage_bankedData7__mbistPipe mbistPipeline ( // @[SRAMWrapper.scala 46:16]
rtl/SRAMWrapper_4.v:179:  XSTop_XSTile_L2_slice0_dataStorage_bankedData4__mbistPipe mbistPipeline ( // @[SRAMWrapper.scala 46:16]
rtl/XSTop_XSTile_L2_slice1_directory__mbistClientDirPipe.v:1:module XSTop_XSTile_L2_slice1_directory__mbistClientDirPipe(
rtl/DataStorage_2.v:1491:  XSTop_XSTile_L2_slice2_dataStorage__mbistPipe mbistPipeline ( // @[DataStorage.scala 95:16]
rtl/SRAMWrapper_16.v:179:  XSTop_XSTile_L2_slice2_dataStorage_bankedData0__mbistPipe mbistPipeline ( // @[SRAMWrapper.scala 46:16]
rtl/XSTop_L3_slice2_dataStorage_bankedData5__mbistPipe.v:1:module XSTop_L3_slice2_dataStorage_bankedData5__mbistPipe(
rtl/PTW.v:2322:  XSTop_XSTile_core_ptw__mbistPipe0 mbistPipeline0 ( // @[L2TLB.scala 96:16]
rtl/PTW.v:2359:  XSTop_XSTile_core_ptw__mbistPipe1 mbistPipeline1 ( // @[L2TLB.scala 101:16]
rtl/XSTop_L3_slice3_directory_clientDir__mbistMetaPipe.v:1:module XSTop_L3_slice3_directory_clientDir__mbistMetaPipe(
rtl/SRAMWrapper_29.v:179:  XSTop_XSTile_L2_slice3_dataStorage_bankedData5__mbistPipe mbistPipeline ( // @[SRAMWrapper.scala 46:16]
rtl/Directory_Anon_2.v:670:  XSTop_XSTile_L2_slice2_directory_selfDir__mbistMetaPipe mbistMetaPipeline ( // @[BaseDirectory.scala 116:16]
rtl/Directory_Anon_2.v:736:  XSTop_XSTile_L2_slice2_directory_selfDir__mbistTagEccPipe mbistTagEccPipeline ( // @[BaseDirectory.scala 158:16]
rtl/Directory_Anon_2.v:787:  XSTop_XSTile_L2_slice2_directory_selfDir__mbistReplPipe mbistReplPipeline ( // @[BaseDirectory.scala 204:16]
rtl/XSTop_XSTile_L2_slice2_directory__mbistSelfDirPipe.v:1:module XSTop_XSTile_L2_slice2_directory__mbistSelfDirPipe(
rtl/SubDirectory_1.v:466:  XSTop_XSTile_L2_slice1_directory_clientDir__mbistMetaPipe mbistMetaPipeline ( // @[BaseDirectory.scala 116:16]
rtl/SubDirectory_1.v:528:  XSTop_XSTile_L2_slice1_directory_clientDir__mbistTagEccPipe mbistTagEccPipeline ( // @[BaseDirectory.scala 158:16]
rtl/XSTop_XSTile_L2_slice1_directory__mbistSelfDirPipe.v:1:module XSTop_XSTile_L2_slice1_directory__mbistSelfDirPipe(
rtl/XSTop_L3_slice0_dataStorage_bankedData3__mbistPipe.v:1:module XSTop_L3_slice0_dataStorage_bankedData3__mbistPipe(
rtl/XSTop_XSTile_core_ptw__mbistPipe0.v:1:module XSTop_XSTile_core_ptw__mbistPipe0(
rtl/SRAMWrapper_52.v:331:  XSTop_L3_slice2_dataStorage_bankedData4__mbistPipe mbistPipeline ( // @[SRAMWrapper.scala 46:16]
rtl/SRAMWrapper_36.v:331:  XSTop_L3_slice0_dataStorage_bankedData4__mbistPipe mbistPipeline ( // @[SRAMWrapper.scala 46:16]
rtl/XSTop_L3_slice2_directory__mbistSelfDirPipe.v:1:module XSTop_L3_slice2_directory__mbistSelfDirPipe(
rtl/SRAMWrapper_9.v:179:  XSTop_XSTile_L2_slice1_dataStorage_bankedData1__mbistPipe mbistPipeline ( // @[SRAMWrapper.scala 46:16]
rtl/XSTop_L3_slice2_dataStorage_bankedData3__mbistPipe.v:1:module XSTop_L3_slice2_dataStorage_bankedData3__mbistPipe(
rtl/SRAMWrapper_8.v:179:  XSTop_XSTile_L2_slice1_dataStorage_bankedData0__mbistPipe mbistPipeline ( // @[SRAMWrapper.scala 46:16]
rtl/XSTop_XSTile_L2_slice2_dataStorage_bankedData5__mbistPipe.v:1:module XSTop_XSTile_L2_slice2_dataStorage_bankedData5__mbistPipe(
rtl/SRAMWrapper_50.v:331:  XSTop_L3_slice2_dataStorage_bankedData2__mbistPipe mbistPipeline ( // @[SRAMWrapper.scala 46:16]
rtl/XSTop_XSTile_core_frontend_bpu_tage_tagtable0_mbistTablePipe.v:1:module XSTop_XSTile_core_frontend_bpu_tage_tagtable0_mbistTablePipe(
rtl/XSTop_XSTile_L2_slice2_dataStorage_bankedData0__mbistPipe.v:1:module XSTop_XSTile_L2_slice2_dataStorage_bankedData0__mbistPipe(
rtl/XSTop_L3_slice3_directory_selfDir__mbistTagEccPipe.v:1:module XSTop_L3_slice3_directory_selfDir__mbistTagEccPipe(
rtl/SRAMWrapper_32.v:331:  XSTop_L3_slice0_dataStorage_bankedData0__mbistPipe mbistPipeline ( // @[SRAMWrapper.scala 46:16]
rtl/XSTop_XSTile_L2_slice2_dataStorage_bankedData6__mbistPipe.v:1:module XSTop_XSTile_L2_slice2_dataStorage_bankedData6__mbistPipe(
rtl/XSTop_XSTile_core_memblock_dcache__mbistPipe.v:1:module XSTop_XSTile_core_memblock_dcache__mbistPipe(
rtl/XSTop_L3_slice2_directory_clientDir__mbistTagEccPipe.v:1:module XSTop_L3_slice2_directory_clientDir__mbistTagEccPipe(
rtl/XSTop_L3_slice3_directory__mbistClientDirPipe.v:1:module XSTop_L3_slice3_directory__mbistClientDirPipe(
rtl/DataStorage_6.v:1846:  XSTop_L3_slice2_dataStorage__mbistPipe mbistPipeline ( // @[DataStorage.scala 95:16]
rtl/XSTop_XSTile_core_memblock_dcache_tagArray_array0__sub_mbistPipe.v:1:module XSTop_XSTile_core_memblock_dcache_tagArray_array0__sub_mbistPipe(
rtl/ITTageTable.v:851:  XSTop_XSTile_core_frontend_bpu_ittage_tables0__mbistPipe mbistPipeline ( // @[ITTAGE.scala 230:16]
rtl/XSTop_XSTile_L2_slice1_directory_selfDir__mbistTagEccPipe.v:1:module XSTop_XSTile_L2_slice1_directory_selfDir__mbistTagEccPipe(
rtl/XSTop_L3_slice2_directory_selfDir__mbistMetaPipe.v:1:module XSTop_L3_slice2_directory_selfDir__mbistMetaPipe(
rtl/ITTageTable_2.v:1440:  XSTop_XSTile_core_frontend_bpu_ittage_tables2__mbistPipe mbistPipeline ( // @[ITTAGE.scala 230:16]
rtl/XSTop_L3_slice3_dataStorage_bankedData2__mbistPipe.v:1:module XSTop_L3_slice3_dataStorage_bankedData2__mbistPipe(
rtl/XSTop_L3_slice3_dataStorage_bankedData4__mbistPipe.v:1:module XSTop_L3_slice3_dataStorage_bankedData4__mbistPipe(
rtl/XSTop_XSTile_L2_slice2_directory_selfDir__mbistMetaPipe.v:1:module XSTop_XSTile_L2_slice2_directory_selfDir__mbistMetaPipe(
rtl/Directory_Anon_7.v:538:  XSTop_L3_slice3_directory_selfDir__mbistMetaPipe mbistMetaPipeline ( // @[BaseDirectory.scala 116:16]
rtl/Directory_Anon_7.v:600:  XSTop_L3_slice3_directory_selfDir__mbistTagEccPipe mbistTagEccPipeline ( // @[BaseDirectory.scala 158:16]
rtl/Directory_Anon_7.v:651:  XSTop_L3_slice3_directory_selfDir__mbistReplPipe mbistReplPipeline ( // @[BaseDirectory.scala 204:16]
rtl/XSTop_XSTile_core_frontend_icache_dataArray_dataArray0__mbistPipe1.v:1:module XSTop_XSTile_core_frontend_icache_dataArray_dataArray0__mbistPipe1(
rtl/SRAMWrapper_49.v:331:  XSTop_L3_slice2_dataStorage_bankedData1__mbistPipe mbistPipeline ( // @[SRAMWrapper.scala 46:16]
rtl/XSTop.v:1:module XSTop(
rtl/FtqNRSRAM_1.v:101:  XSTop_XSTile_core_frontend_ftq_ftq_meta_1r_sram__mbistPipe mbistPipeline ( // @[NewFtq.scala 73:16]
rtl/XSTop_L3_slice3_directory__mbistSelfDirPipe.v:1:module XSTop_L3_slice3_directory__mbistSelfDirPipe(
rtl/SRAMWrapper_48.v:331:  XSTop_L3_slice2_dataStorage_bankedData0__mbistPipe mbistPipeline ( // @[SRAMWrapper.scala 46:16]
rtl/XSTop_XSTile_L2_slice2_dataStorage_bankedData3__mbistPipe.v:1:module XSTop_XSTile_L2_slice2_dataStorage_bankedData3__mbistPipe(
rtl/ICache.v:1397:  XSTop_XSTile_core_frontend_icache__mbistPipe mbistTagPipeline ( // @[ICache.scala 517:16]
rtl/XSTop_XSTile_core_frontend_bpu_tage_bttable__mbistPipe.v:1:module XSTop_XSTile_core_frontend_bpu_tage_bttable__mbistPipe(
rtl/SRAMWrapper_34.v:331:  XSTop_L3_slice0_dataStorage_bankedData2__mbistPipe mbistPipeline ( // @[SRAMWrapper.scala 46:16]
rtl/XSTop_XSTile_L2_prefetcher_rrTable__mbistBOPPipe.v:1:module XSTop_XSTile_L2_prefetcher_rrTable__mbistBOPPipe(
rtl/XSTop_L3_slice1_dataStorage_bankedData0__mbistPipe.v:1:module XSTop_L3_slice1_dataStorage_bankedData0__mbistPipe(
rtl/XSTop_L3_slice2_dataStorage_bankedData6__mbistPipe.v:1:module XSTop_L3_slice2_dataStorage_bankedData6__mbistPipe(
rtl/Directory_7.v:395:  XSTop_L3_slice3_directory__mbistClientDirPipe mbistClientDirPipeline ( // @[Directory.scala 199:16]
rtl/Directory_7.v:513:  XSTop_L3_slice3_directory__mbistSelfDirPipe mbistSelfDirPipeline ( // @[Directory.scala 241:16]
rtl/Directory_Anon_4.v:538:  XSTop_L3_slice0_directory_selfDir__mbistMetaPipe mbistMetaPipeline ( // @[BaseDirectory.scala 116:16]
rtl/Directory_Anon_4.v:600:  XSTop_L3_slice0_directory_selfDir__mbistTagEccPipe mbistTagEccPipeline ( // @[BaseDirectory.scala 158:16]
rtl/Directory_Anon_4.v:651:  XSTop_L3_slice0_directory_selfDir__mbistReplPipe mbistReplPipeline ( // @[BaseDirectory.scala 204:16]
rtl/BankedDataArray.v:1284:  XSTop_XSTile_core_memblock_dcache_bankedDataArray__mbistPipe mbistPipeline ( // @[BankedDataArray.scala 245:16]
rtl/Directory.v:432:  XSTop_XSTile_L2_slice0_directory__mbistClientDirPipe mbistClientDirPipeline ( // @[Directory.scala 199:16]
rtl/Directory.v:552:  XSTop_XSTile_L2_slice0_directory__mbistSelfDirPipe mbistSelfDirPipeline ( // @[Directory.scala 241:16]
rtl/XSTop_XSTile_core_memblock_sms_pht__mbistPipe.v:1:module XSTop_XSTile_core_memblock_sms_pht__mbistPipe(
rtl/DataSRAMBank_7.v:313:  XSTop_XSTile_core_memblock_dcache_bankedDataArray_array7__mbistPipe mbistPipeline ( // @[BankedDataArray.scala 190:18]
rtl/SCTable_2.v:252:  XSTop_XSTile_core_frontend_bpu_tage_scTable2__mbistPipe mbistPipeline ( // @[SC.scala 80:16]
rtl/XSTop_L3_slice1_dataStorage_bankedData5__mbistPipe.v:1:module XSTop_L3_slice1_dataStorage_bankedData5__mbistPipe(
rtl/DataStorage_7.v:1846:  XSTop_L3_slice3_dataStorage__mbistPipe mbistPipeline ( // @[DataStorage.scala 95:16]
rtl/SubDirectory_4.v:442:  XSTop_L3_slice0_directory_clientDir__mbistMetaPipe mbistMetaPipeline ( // @[BaseDirectory.scala 116:16]
rtl/SubDirectory_4.v:508:  XSTop_L3_slice0_directory_clientDir__mbistTagEccPipe mbistTagEccPipeline ( // @[BaseDirectory.scala 158:16]
rtl/XSTop_L3_slice1_directory__mbistSelfDirPipe.v:1:module XSTop_L3_slice1_directory__mbistSelfDirPipe(
rtl/XSTop_XSTile_core_frontend_bpu_ittage__mbistPipe.v:1:module XSTop_XSTile_core_frontend_bpu_ittage__mbistPipe(
rtl/SubDirectory_2.v:466:  XSTop_XSTile_L2_slice2_directory_clientDir__mbistMetaPipe mbistMetaPipeline ( // @[BaseDirectory.scala 116:16]
rtl/SubDirectory_2.v:528:  XSTop_XSTile_L2_slice2_directory_clientDir__mbistTagEccPipe mbistTagEccPipeline ( // @[BaseDirectory.scala 158:16]
rtl/XSTop_XSTile_L2_slice3_dataStorage__mbistPipe.v:1:module XSTop_XSTile_L2_slice3_dataStorage__mbistPipe(
rtl/MemBlock.v:10548:  XSTop_XSTile_core_memblock__mbistPipe mbistPipeline ( // @[MemBlock.scala 635:16]
rtl/XSTop_XSTile_L2_slice1_dataStorage_bankedData3__mbistPipe.v:1:module XSTop_XSTile_L2_slice1_dataStorage_bankedData3__mbistPipe(
rtl/XSTop_XSTile_L2_slice1_dataStorage__mbistPipe.v:1:module XSTop_XSTile_L2_slice1_dataStorage__mbistPipe(
rtl/XSTop_XSTile_L2_slice3_dataStorage_bankedData3__mbistPipe.v:1:module XSTop_XSTile_L2_slice3_dataStorage_bankedData3__mbistPipe(
rtl/XSTop_L3_slice3_dataStorage_bankedData5__mbistPipe.v:1:module XSTop_L3_slice3_dataStorage_bankedData5__mbistPipe(
rtl/TagArray_2.v:133:  XSTop_XSTile_core_memblock_dcache_tagArray_array2__sub_mbistPipe mbistPipeline ( // @[TagArray.scala 68:16]
rtl/SRAMWrapper_60.v:331:  XSTop_L3_slice3_dataStorage_bankedData4__mbistPipe mbistPipeline ( // @[SRAMWrapper.scala 46:16]
